<?xml version="1.0" encoding="UTF-8"?>
<!-- Generated by org.testng.reporters.JUnitXMLReporter -->
<testsuite ignored="0" hostname="DESKTOP-V0D06AI" failures="1" tests="1" name="Default test" time="4.813" errors="0" timestamp="2024-10-01T20:50:24 IST">
  <testcase classname="io.cucumber.testng.AbstractTestNGCucumberTests" name="runScenario" time="3.47">
    <failure type="java.lang.NullPointerException" message="Cannot invoke &amp;quot;org.openqa.selenium.WebDriver.get(String)&amp;quot; because &amp;quot;payroll_Stepdefinition.Payroll_login.driver&amp;quot; is null">
      <![CDATA[java.lang.NullPointerException: Cannot invoke "org.openqa.selenium.WebDriver.get(String)" because "payroll_Stepdefinition.Payroll_login.driver" is null
at payroll_Stepdefinition.Payroll_login.user_is_on_payroll_login(Payroll_login.java:36)
at ✽.User is on payroll login "https://newtechpayroll.co.in/auth"(file:///C:/Users/Lakshmanan/eclipse-workspace/payroll/Featurefiles/Payroll_Login.feature:6)
]]>
    </failure>
  </testcase> <!-- runScenario -->
</testsuite> <!-- Default test -->
