<?xml version="1.0" encoding="UTF-8"?>
<testng-results ignored="0" total="1" passed="0" failed="1" skipped="0">
  <reporter-output>
  </reporter-output>
  <suite started-at="2024-10-01T20:50:19 IST" name="Default suite" finished-at="2024-10-01T20:50:24 IST" duration-ms="4813">
    <groups>
      <group name="cucumber">
        <method signature="AbstractTestNGCucumberTests.runScenario(io.cucumber.testng.PickleWrapper,io.cucumber.testng.FeatureWrapper)[pri:0, instance:payroll_runner.payroll_runner@21b2e768]" name="runScenario" class="io.cucumber.testng.AbstractTestNGCucumberTests"/>
      </group> <!-- cucumber -->
    </groups>
    <test started-at="2024-10-01T20:50:19 IST" name="Default test" finished-at="2024-10-01T20:50:24 IST" duration-ms="4813">
      <class name="payroll_runner.payroll_runner">
        <test-method is-config="true" signature="setUpClass(org.testng.ITestContext)[pri:0, instance:payroll_runner.payroll_runner@21b2e768]" started-at="2024-10-01T20:50:19 IST" name="setUpClass" finished-at="2024-10-01T20:50:20 IST" duration-ms="1013" status="PASS">
          <params>
            <param index="0">
              <value>
                <![CDATA[org.testng.TestRunner@d919544]]>
              </value>
            </param>
          </params>
          <reporter-output>
          </reporter-output>
        </test-method> <!-- setUpClass -->
        <test-method signature="runScenario(io.cucumber.testng.PickleWrapper,io.cucumber.testng.FeatureWrapper)[pri:0, instance:payroll_runner.payroll_runner@21b2e768]" started-at="2024-10-01T20:50:20 IST" name="runScenario" description="Runs Cucumber Scenarios" data-provider="scenarios" finished-at="2024-10-01T20:50:23 IST" duration-ms="3470" status="FAIL">
          <params>
            <param index="0">
              <value>
                <![CDATA["Login validation using with valid and invalid credentials"]]>
              </value>
            </param>
            <param index="1">
              <value>
                <![CDATA["Payroll login feature"]]>
              </value>
            </param>
          </params>
          <exception class="java.lang.NullPointerException">
            <message>
              <![CDATA[Cannot invoke "org.openqa.selenium.WebDriver.get(String)" because "payroll_Stepdefinition.Payroll_login.driver" is null]]>
            </message>
            <full-stacktrace>
              <![CDATA[java.lang.NullPointerException: Cannot invoke "org.openqa.selenium.WebDriver.get(String)" because "payroll_Stepdefinition.Payroll_login.driver" is null
at payroll_Stepdefinition.Payroll_login.user_is_on_payroll_login(Payroll_login.java:36)
at ✽.User is on payroll login "https://newtechpayroll.co.in/auth"(file:///C:/Users/Lakshmanan/eclipse-workspace/payroll/Featurefiles/Payroll_Login.feature:6)
]]>
            </full-stacktrace>
          </exception> <!-- java.lang.NullPointerException -->
          <reporter-output>
          </reporter-output>
        </test-method> <!-- runScenario -->
        <test-method is-config="true" signature="tearDownClass()[pri:0, instance:payroll_runner.payroll_runner@21b2e768]" started-at="2024-10-01T20:50:23 IST" name="tearDownClass" finished-at="2024-10-01T20:50:24 IST" duration-ms="249" status="PASS">
          <reporter-output>
          </reporter-output>
        </test-method> <!-- tearDownClass -->
      </class> <!-- payroll_runner.payroll_runner -->
    </test> <!-- Default test -->
  </suite> <!-- Default suite -->
</testng-results>
