<?xml version="1.0" encoding="UTF-8"?>
<!-- Generated by org.testng.reporters.JUnitReportReporter -->
<testsuite hostname="DESKTOP-V0D06AI" failures="0" tests="1" name="payroll_runner.payroll_runner" time="3.470" errors="1" timestamp="2024-10-01T20:50:24 IST" skipped="0">
  <testcase classname="payroll_runner.payroll_runner" name="runScenario" time="3.470">
    <error message="Cannot invoke &quot;org.openqa.selenium.WebDriver.get(String)&quot; because &quot;payroll_Stepdefinition.Payroll_login.driver&quot; is null" type="java.lang.NullPointerException">
      <![CDATA[java.lang.NullPointerException: Cannot invoke "org.openqa.selenium.WebDriver.get(String)" because "payroll_Stepdefinition.Payroll_login.driver" is null
at payroll_Stepdefinition.Payroll_login.user_is_on_payroll_login(Payroll_login.java:36)
at ✽.User is on payroll login "https://newtechpayroll.co.in/auth"(file:///C:/Users/Lakshmanan/eclipse-workspace/payroll/Featurefiles/Payroll_Login.feature:6)
]]>
    </error>
  </testcase> <!-- runScenario -->
</testsuite> <!-- payroll_runner.payroll_runner -->
